af
am
ar
ars
as
az
be
bg
bn
bo
bs
bs_Cyrl
ca
chr
cs
cy
da
de
de_
de_AT
de__PHONEBOOK
dsb
dz
ee
el
en
en_US
en_US_POSIX
eo
es
es_
es__TRADITIONAL
et
fa
fa_AF
fi
fil
fo
fr
fr_CA
ga
gl
gu
ha
haw
he
he_IL
hi
hr
hsb
hu
hy
id
id_ID
ig
in
in_ID
is
it
iw
iw_IL
ja
ka
kk
kl
km
kn
ko
kok
ky
lb
lkt
ln
lo
lt
lv
mk
ml
mn
mo
mr
ms
mt
my
nb
nb_NO
ne
nl
nn
no
no_NO
om
or
pa
pa_Guru
pa_Guru_IN
pa_IN
pl
ps
pt
ro
ro_MD
root
ru
se
sh
sh_BA
sh_CS
sh_YU
si
sk
sl
smn
sq
sr
sr_BA
sr_Cyrl
sr_Cyrl_BA
sr_Cyrl_ME
sr_Cyrl_RS
sr_Latn
sr_Latn_BA
sr_Latn_RS
sr_ME
sr_RS
sv
sw
ta
te
th
to
tr
ug
uk
ur
uz
vi
wae
yi
yo
zh
zh_CN
zh_HK
zh_Hans
zh_Hans_CN
zh_Hans_SG
zh_Hant
zh_Hant_HK
zh_Hant_MO
zh_Hant_TW
zh_MO
zh_SG
zh_TW
zu