af
agq
ak
am
ar
ar_SA
ars
as
asa
ast
az
az_AZ
az_Cyrl
az_Latn
az_Latn_AZ
bas
be
bem
bez
bg
bm
bn
bo
br
brx
bs
bs_BA
bs_Cyrl
bs_Latn
bs_Latn_BA
ca
ce
cgg
chr
ckb
cs
cy
da
dav
de
dje
dsb
dua
dyo
dz
ebu
ee
el
en
en_001
en_150
en_AG
en_AI
en_AT
en_AU
en_BB
en_BE
en_BM
en_BS
en_BW
en_BZ
en_CA
en_CC
en_CH
en_CK
en_CM
en_CX
en_CY
en_DE
en_DG
en_DK
en_DM
en_ER
en_FI
en_FJ
en_FK
en_FM
en_GB
en_GD
en_GG
en_GH
en_GI
en_GM
en_GU
en_GY
en_HK
en_IE
en_IL
en_IM
en_IN
en_IO
en_JE
en_JM
en_KE
en_KI
en_KN
en_KY
en_LC
en_LR
en_LS
en_MG
en_MH
en_MO
en_MP
en_MS
en_MT
en_MU
en_MW
en_MY
en_NA
en_NF
en_NG
en_NH
en_NL
en_NR
en_NU
en_NZ
en_PG
en_PH
en_PK
en_PN
en_PW
en_RH
en_RW
en_SB
en_SC
en_SD
en_SE
en_SG
en_SH
en_SI
en_SL
en_SS
en_SX
en_SZ
en_TC
en_TK
en_TO
en_TT
en_TV
en_TZ
en_UG
en_VC
en_VG
en_VU
en_WS
en_ZA
en_ZM
en_ZW
eo
es
es_419
es_AR
es_BO
es_BR
es_BZ
es_CL
es_CO
es_CR
es_CU
es_DO
es_EC
es_GT
es_HN
es_MX
es_NI
es_PA
es_PE
es_PR
es_PY
es_SV
es_US
es_UY
es_VE
et
eu
ewo
fa
ff
fi
fil
fil_PH
fo
fr
fr_CA
fr_GF
fur
fy
ga
gd
gl
gsw
gu
guz
gv
ha
haw
he
he_IL
hi
hr
hsb
hu
hy
id
id_ID
ig
ii
in
in_ID
is
it
iw
iw_IL
ja
ja_JP
ja_JP_TRADITIONAL
jgo
jmc
ka
kab
kam
kde
kea
khq
ki
kk
kkj
kl
kln
km
kn
ko
ko_KP
kok
ks
ksb
ksf
ksh
kw
ky
lag
lb
lg
lkt
ln
lo
lrc
lt
lu
luo
luy
lv
mas
mer
mfe
mg
mgh
mgo
mk
ml
mn
mo
mr
ms
mt
mua
my
mzn
naq
nb
nb_NO
nd
nds
ne
ne_IN
nl
nl_SR
nmg
nn
nn_NO
nnh
no
no_NO
no_NO_NY
nus
nyn
om
or
os
pa
pa_Arab
pa_Arab_PK
pa_Guru
pa_Guru_IN
pa_IN
pa_PK
pl
ps
pt
pt_AO
pt_CH
pt_CV
pt_GQ
pt_GW
pt_LU
pt_MO
pt_MZ
pt_PT
pt_ST
pt_TL
qu
qu_BO
qu_EC
rm
rn
ro
ro_MD
rof
root
ru
rw
rwk
sah
saq
sbp
se
seh
ses
sg
sh
sh_BA
sh_CS
sh_YU
shi
shi_Latn
shi_MA
shi_Tfng
shi_Tfng_MA
si
sk
sl
smn
sn
so
sq
sr
sr_BA
sr_CS
sr_Cyrl
sr_Cyrl_BA
sr_Cyrl_CS
sr_Cyrl_RS
sr_Cyrl_XK
sr_Cyrl_YU
sr_Latn
sr_Latn_BA
sr_Latn_CS
sr_Latn_ME
sr_Latn_RS
sr_Latn_YU
sr_ME
sr_RS
sr_XK
sr_YU
sv
sw
ta
ta_MY
ta_SG
te
teo
th
th_TH
th_TH_TRADITIONAL
ti
tl
tl_PH
to
tr
twq
tzm
ug
uk
ur
ur_IN
uz
uz_AF
uz_Arab
uz_Arab_AF
uz_Cyrl
uz_Latn
uz_Latn_UZ
uz_UZ
vai
vai_LR
vai_Latn
vai_Vaii
vai_Vaii_LR
vi
vun
wae
xog
yav
yi
yo
yue
zgh
zh
zh_CN
zh_HK
zh_Hans
zh_Hans_CN
zh_Hans_SG
zh_Hant
zh_Hant_HK
zh_Hant_MO
zh_Hant_TW
zh_MO
zh_SG
zh_TW
zu